2017-09-01 18:37:04,538 ERROR m.DataBaseHandler [main] com.mysql.jdbc.CommunicationsException: Communications link failure due to underlying exception: 

** BEGIN NESTED EXCEPTION ** 

java.net.ConnectException
MESSAGE: Connection refused: connect

STACKTRACE:

java.net.ConnectException: Connection refused: connect
	at java.net.DualStackPlainSocketImpl.connect0(Native Method)
	at java.net.DualStackPlainSocketImpl.socketConnect(DualStackPlainSocketImpl.java:79)
	at java.net.AbstractPlainSocketImpl.doConnect(AbstractPlainSocketImpl.java:350)
	at java.net.AbstractPlainSocketImpl.connectToAddress(AbstractPlainSocketImpl.java:206)
	at java.net.AbstractPlainSocketImpl.connect(AbstractPlainSocketImpl.java:188)
	at java.net.PlainSocketImpl.connect(PlainSocketImpl.java:172)
	at java.net.SocksSocketImpl.connect(SocksSocketImpl.java:392)
	at java.net.Socket.connect(Socket.java:589)
	at java.net.Socket.connect(Socket.java:538)
	at java.net.Socket.<init>(Socket.java:434)
	at java.net.Socket.<init>(Socket.java:244)
	at com.mysql.jdbc.StandardSocketFactory.connect(StandardSocketFactory.java:256)
	at com.mysql.jdbc.MysqlIO.<init>(MysqlIO.java:271)
	at com.mysql.jdbc.Connection.createNewIO(Connection.java:2771)
	at com.mysql.jdbc.Connection.<init>(Connection.java:1555)
	at com.mysql.jdbc.NonRegisteringDriver.connect(NonRegisteringDriver.java:285)
	at java.sql.DriverManager.getConnection(DriverManager.java:664)
	at java.sql.DriverManager.getConnection(DriverManager.java:247)
	at misc.DataBaseHandler.getConnection(DataBaseHandler.java:867)
	at misc.DataBaseHandler.manualOpen(DataBaseHandler.java:1367)
	at UserInteface.HybridPanelUI.initLoadParkerTypes(HybridPanelUI.java:5098)
	at UserInteface.HybridPanelUI.<init>(HybridPanelUI.java:182)
	at UserInteface.Main.main(Main.java:31)


** END NESTED EXCEPTION **



Last packet sent to the server was 0 ms ago.
2017-09-01 18:37:04,553 ERROR m.DataBaseHandler [main] java.lang.NullPointerException
